2018.04.22 at 21:56:25 CDT INFO  views.Main 46 main - Program start
2018.04.22 at 21:56:31 CDT INFO  views.Main 198 actionPerformed - Program Exits
2018.04.22 at 21:57:54 CDT INFO  views.Main 46 main - Program start
2018.04.22 at 21:57:56 CDT INFO  views.Main 198 actionPerformed - Program Exits
2018.04.22 at 22:03:52 CDT INFO  views.Main 46 main - Program start
2018.04.22 at 22:03:58 CDT INFO  views.Main 198 actionPerformed - Program Exits
2018.04.22 at 22:04:31 CDT INFO  views.Main 46 main - Program start
2018.04.22 at 22:04:35 CDT INFO  views.Main 198 actionPerformed - Program Exits
2018.04.22 at 22:05:19 CDT INFO  views.Main 46 main - Program start
2018.04.22 at 22:05:25 CDT INFO  views.Main 198 actionPerformed - Program Exits
2018.04.22 at 22:06:15 CDT INFO  views.Main 46 main - Program start
2018.04.22 at 22:06:19 CDT INFO  views.Main 198 actionPerformed - Program Exits
2018.04.22 at 22:07:40 CDT INFO  views.Main 46 main - Program start
2018.04.22 at 22:07:44 CDT INFO  views.Main 198 actionPerformed - Program Exits
2018.04.22 at 22:49:59 CDT INFO  views.Main 46 main - Program start
2018.04.22 at 23:54:28 CDT INFO  views.Main 46 main - Program start
2018.04.22 at 23:54:36 CDT INFO  views.Main 180 actionPerformed - Entering record search
2018.04.22 at 23:54:36 CDT INFO  common.FileScanner 61 scanCourse - Scan Course file
2018.04.22 at 23:54:36 CDT INFO  common.FileScanner 85 scanStudents - Scan Students file
2018.04.22 at 23:54:36 CDT INFO  common.FileScanner 124 find - find class name from course
2018.04.22 at 23:54:36 CDT INFO  common.FileScanner 124 find - find class name from course
2018.04.22 at 23:54:36 CDT INFO  common.FileScanner 124 find - find class name from course
2018.04.22 at 23:54:36 CDT INFO  common.FileScanner 124 find - find class name from course
2018.04.22 at 23:54:36 CDT INFO  common.FileScanner 124 find - find class name from course
2018.04.22 at 23:54:36 CDT INFO  common.FileScanner 124 find - find class name from course
2018.04.22 at 23:54:36 CDT INFO  common.FileScanner 124 find - find class name from course
2018.04.22 at 23:54:36 CDT INFO  common.FileScanner 124 find - find class name from course
2018.04.22 at 23:54:36 CDT INFO  common.FileScanner 124 find - find class name from course
2018.04.22 at 23:54:36 CDT INFO  common.FileScanner 124 find - find class name from course
2018.04.22 at 23:54:36 CDT INFO  common.FileScanner 124 find - find class name from course
2018.04.22 at 23:54:36 CDT INFO  common.FileScanner 124 find - find class name from course
2018.04.22 at 23:54:36 CDT INFO  common.FileScanner 124 find - find class name from course
2018.04.22 at 23:54:36 CDT INFO  common.FileScanner 124 find - find class name from course
2018.04.22 at 23:54:36 CDT INFO  common.FileScanner 124 find - find class name from course
2018.04.22 at 23:54:36 CDT INFO  common.FileScanner 124 find - find class name from course
2018.04.22 at 23:54:36 CDT INFO  common.FileScanner 124 find - find class name from course
2018.04.22 at 23:54:36 CDT INFO  common.FileScanner 124 find - find class name from course
2018.04.22 at 23:54:36 CDT INFO  common.FileScanner 124 find - find class name from course
2018.04.22 at 23:54:36 CDT INFO  common.FileScanner 124 find - find class name from course
2018.04.22 at 23:54:36 CDT INFO  common.FileScanner 124 find - find class name from course
2018.04.22 at 23:54:36 CDT INFO  common.FileScanner 124 find - find class name from course
2018.04.22 at 23:54:36 CDT INFO  common.FileScanner 124 find - find class name from course
2018.04.22 at 23:54:36 CDT INFO  common.FileScanner 124 find - find class name from course
2018.04.22 at 23:54:36 CDT INFO  common.FileScanner 124 find - find class name from course
2018.04.22 at 23:54:36 CDT INFO  common.FileScanner 124 find - find class name from course
2018.04.22 at 23:54:36 CDT INFO  common.FileScanner 124 find - find class name from course
2018.04.22 at 23:54:36 CDT INFO  common.FileScanner 124 find - find class name from course
2018.04.22 at 23:54:36 CDT INFO  common.FileScanner 124 find - find class name from course
2018.04.22 at 23:54:36 CDT INFO  common.FileScanner 124 find - find class name from course
2018.04.22 at 23:54:36 CDT INFO  common.FileScanner 124 find - find class name from course
2018.04.22 at 23:54:36 CDT INFO  common.FileScanner 124 find - find class name from course
2018.04.22 at 23:54:36 CDT INFO  common.FileScanner 124 find - find class name from course
2018.04.22 at 23:54:36 CDT INFO  common.FileScanner 124 find - find class name from course
2018.04.22 at 23:54:36 CDT INFO  common.FileScanner 124 find - find class name from course
2018.04.22 at 23:54:36 CDT INFO  common.FileScanner 124 find - find class name from course
2018.04.22 at 23:54:36 CDT INFO  common.FileScanner 124 find - find class name from course
2018.04.22 at 23:54:36 CDT INFO  common.FileScanner 124 find - find class name from course
2018.04.22 at 23:54:36 CDT INFO  common.FileScanner 124 find - find class name from course
2018.04.22 at 23:54:36 CDT INFO  common.FileScanner 124 find - find class name from course
2018.04.22 at 23:54:36 CDT INFO  common.FileScanner 124 find - find class name from course
2018.04.22 at 23:54:36 CDT INFO  common.FileScanner 124 find - find class name from course
2018.04.22 at 23:54:36 CDT INFO  common.FileScanner 124 find - find class name from course
2018.04.22 at 23:54:36 CDT INFO  common.FileScanner 124 find - find class name from course
2018.04.22 at 23:54:36 CDT INFO  common.FileScanner 124 find - find class name from course
2018.04.22 at 23:54:36 CDT INFO  common.FileScanner 124 find - find class name from course
2018.04.22 at 23:54:36 CDT INFO  common.FileScanner 124 find - find class name from course
2018.04.22 at 23:54:36 CDT INFO  common.FileScanner 124 find - find class name from course
2018.04.22 at 23:54:36 CDT INFO  common.FileScanner 124 find - find class name from course
2018.04.22 at 23:54:36 CDT INFO  common.FileScanner 124 find - find class name from course
2018.04.22 at 23:54:36 CDT INFO  common.FileScanner 124 find - find class name from course
2018.04.22 at 23:54:36 CDT INFO  common.FileScanner 124 find - find class name from course
2018.04.22 at 23:54:36 CDT INFO  common.FileScanner 124 find - find class name from course
2018.04.22 at 23:54:36 CDT INFO  common.FileScanner 124 find - find class name from course
2018.04.22 at 23:54:36 CDT INFO  common.FileScanner 124 find - find class name from course
2018.04.22 at 23:54:36 CDT INFO  common.FileScanner 124 find - find class name from course
2018.04.22 at 23:54:36 CDT INFO  common.FileScanner 124 find - find class name from course
2018.04.22 at 23:54:36 CDT INFO  common.FileScanner 124 find - find class name from course
2018.04.22 at 23:54:36 CDT INFO  common.FileScanner 124 find - find class name from course
2018.04.22 at 23:54:36 CDT INFO  common.FileScanner 124 find - find class name from course
2018.04.22 at 23:54:36 CDT INFO  common.FileScanner 124 find - find class name from course
2018.04.22 at 23:54:36 CDT INFO  common.FileScanner 124 find - find class name from course
2018.04.22 at 23:54:36 CDT INFO  common.FileScanner 124 find - find class name from course
2018.04.22 at 23:54:36 CDT INFO  common.FileScanner 124 find - find class name from course
2018.04.22 at 23:54:36 CDT INFO  common.FileScanner 124 find - find class name from course
2018.04.22 at 23:54:36 CDT INFO  common.FileScanner 124 find - find class name from course
2018.04.22 at 23:54:36 CDT INFO  common.FileScanner 124 find - find class name from course
2018.04.22 at 23:54:36 CDT INFO  common.FileScanner 124 find - find class name from course
2018.04.22 at 23:54:36 CDT INFO  common.FileScanner 257 SortedStudentsArrayList - Sort by first name
2018.04.22 at 23:54:36 CDT INFO  common.FileScanner 175 sortStudents - Sort students
2018.04.22 at 23:55:03 CDT INFO  views.Main 201 actionPerformed - Program Exits
2018.04.23 at 11:35:10 CDT INFO  views.Main 46 main - Program start
2018.04.23 at 11:36:24 CDT INFO  views.Main 180 actionPerformed - Entering record search
2018.04.23 at 11:36:24 CDT INFO  common.FileScanner 61 scanCourse - Scan Course file
2018.04.23 at 11:36:24 CDT INFO  common.FileScanner 85 scanStudents - Scan Students file
2018.04.23 at 11:36:24 CDT INFO  common.FileScanner 124 find - find class name from course
2018.04.23 at 11:36:24 CDT INFO  common.FileScanner 124 find - find class name from course
2018.04.23 at 11:36:24 CDT INFO  common.FileScanner 124 find - find class name from course
2018.04.23 at 11:36:24 CDT INFO  common.FileScanner 124 find - find class name from course
2018.04.23 at 11:36:24 CDT INFO  common.FileScanner 124 find - find class name from course
2018.04.23 at 11:36:24 CDT INFO  common.FileScanner 124 find - find class name from course
2018.04.23 at 11:36:24 CDT INFO  common.FileScanner 124 find - find class name from course
2018.04.23 at 11:36:24 CDT INFO  common.FileScanner 124 find - find class name from course
2018.04.23 at 11:36:24 CDT INFO  common.FileScanner 124 find - find class name from course
2018.04.23 at 11:36:24 CDT INFO  common.FileScanner 124 find - find class name from course
2018.04.23 at 11:36:24 CDT INFO  common.FileScanner 124 find - find class name from course
2018.04.23 at 11:36:24 CDT INFO  common.FileScanner 124 find - find class name from course
2018.04.23 at 11:36:24 CDT INFO  common.FileScanner 124 find - find class name from course
2018.04.23 at 11:36:24 CDT INFO  common.FileScanner 124 find - find class name from course
2018.04.23 at 11:36:24 CDT INFO  common.FileScanner 124 find - find class name from course
2018.04.23 at 11:36:24 CDT INFO  common.FileScanner 124 find - find class name from course
2018.04.23 at 11:36:24 CDT INFO  common.FileScanner 124 find - find class name from course
2018.04.23 at 11:36:24 CDT INFO  common.FileScanner 124 find - find class name from course
2018.04.23 at 11:36:24 CDT INFO  common.FileScanner 124 find - find class name from course
2018.04.23 at 11:36:24 CDT INFO  common.FileScanner 124 find - find class name from course
2018.04.23 at 11:36:24 CDT INFO  common.FileScanner 124 find - find class name from course
2018.04.23 at 11:36:24 CDT INFO  common.FileScanner 124 find - find class name from course
2018.04.23 at 11:36:24 CDT INFO  common.FileScanner 124 find - find class name from course
2018.04.23 at 11:36:24 CDT INFO  common.FileScanner 124 find - find class name from course
2018.04.23 at 11:36:24 CDT INFO  common.FileScanner 124 find - find class name from course
2018.04.23 at 11:36:24 CDT INFO  common.FileScanner 124 find - find class name from course
2018.04.23 at 11:36:24 CDT INFO  common.FileScanner 124 find - find class name from course
2018.04.23 at 11:36:24 CDT INFO  common.FileScanner 124 find - find class name from course
2018.04.23 at 11:36:24 CDT INFO  common.FileScanner 124 find - find class name from course
2018.04.23 at 11:36:24 CDT INFO  common.FileScanner 124 find - find class name from course
2018.04.23 at 11:36:24 CDT INFO  common.FileScanner 124 find - find class name from course
2018.04.23 at 11:36:24 CDT INFO  common.FileScanner 124 find - find class name from course
2018.04.23 at 11:36:24 CDT INFO  common.FileScanner 124 find - find class name from course
2018.04.23 at 11:36:24 CDT INFO  common.FileScanner 124 find - find class name from course
2018.04.23 at 11:36:24 CDT INFO  common.FileScanner 124 find - find class name from course
2018.04.23 at 11:36:24 CDT INFO  common.FileScanner 124 find - find class name from course
2018.04.23 at 11:36:24 CDT INFO  common.FileScanner 124 find - find class name from course
2018.04.23 at 11:36:24 CDT INFO  common.FileScanner 124 find - find class name from course
2018.04.23 at 11:36:24 CDT INFO  common.FileScanner 124 find - find class name from course
2018.04.23 at 11:36:24 CDT INFO  common.FileScanner 124 find - find class name from course
2018.04.23 at 11:36:24 CDT INFO  common.FileScanner 124 find - find class name from course
2018.04.23 at 11:36:24 CDT INFO  common.FileScanner 124 find - find class name from course
2018.04.23 at 11:36:24 CDT INFO  common.FileScanner 124 find - find class name from course
2018.04.23 at 11:36:24 CDT INFO  common.FileScanner 124 find - find class name from course
2018.04.23 at 11:36:24 CDT INFO  common.FileScanner 124 find - find class name from course
2018.04.23 at 11:36:24 CDT INFO  common.FileScanner 124 find - find class name from course
2018.04.23 at 11:36:24 CDT INFO  common.FileScanner 124 find - find class name from course
2018.04.23 at 11:36:24 CDT INFO  common.FileScanner 124 find - find class name from course
2018.04.23 at 11:36:24 CDT INFO  common.FileScanner 124 find - find class name from course
2018.04.23 at 11:36:24 CDT INFO  common.FileScanner 124 find - find class name from course
2018.04.23 at 11:36:24 CDT INFO  common.FileScanner 124 find - find class name from course
2018.04.23 at 11:36:24 CDT INFO  common.FileScanner 124 find - find class name from course
2018.04.23 at 11:36:24 CDT INFO  common.FileScanner 124 find - find class name from course
2018.04.23 at 11:36:24 CDT INFO  common.FileScanner 124 find - find class name from course
2018.04.23 at 11:36:24 CDT INFO  common.FileScanner 124 find - find class name from course
2018.04.23 at 11:36:24 CDT INFO  common.FileScanner 124 find - find class name from course
2018.04.23 at 11:36:24 CDT INFO  common.FileScanner 124 find - find class name from course
2018.04.23 at 11:36:24 CDT INFO  common.FileScanner 124 find - find class name from course
2018.04.23 at 11:36:24 CDT INFO  common.FileScanner 124 find - find class name from course
2018.04.23 at 11:36:24 CDT INFO  common.FileScanner 124 find - find class name from course
2018.04.23 at 11:36:24 CDT INFO  common.FileScanner 124 find - find class name from course
2018.04.23 at 11:36:24 CDT INFO  common.FileScanner 124 find - find class name from course
2018.04.23 at 11:36:24 CDT INFO  common.FileScanner 124 find - find class name from course
2018.04.23 at 11:36:24 CDT INFO  common.FileScanner 124 find - find class name from course
2018.04.23 at 11:36:24 CDT INFO  common.FileScanner 124 find - find class name from course
2018.04.23 at 11:36:24 CDT INFO  common.FileScanner 124 find - find class name from course
2018.04.23 at 11:36:24 CDT INFO  common.FileScanner 124 find - find class name from course
2018.04.23 at 11:36:24 CDT INFO  common.FileScanner 124 find - find class name from course
2018.04.23 at 11:36:24 CDT INFO  common.FileScanner 257 SortedStudentsArrayList - Sort by first name
2018.04.23 at 11:36:24 CDT INFO  common.FileScanner 175 sortStudents - Sort students
2018.04.23 at 11:39:49 CDT INFO  common.FileScanner 221 searchStudents - Search students
2018.04.23 at 11:39:49 CDT INFO  common.FileScanner 175 sortStudents - Sort students
2018.04.23 at 11:39:56 CDT INFO  common.FileScanner 221 searchStudents - Search students
2018.04.23 at 11:39:56 CDT INFO  common.FileScanner 175 sortStudents - Sort students
2018.04.23 at 11:40:21 CDT INFO  common.FileScanner 221 searchStudents - Search students
2018.04.23 at 11:40:21 CDT INFO  common.FileScanner 175 sortStudents - Sort students
2018.04.23 at 11:41:01 CDT INFO  common.FileScanner 221 searchStudents - Search students
2018.04.23 at 11:41:01 CDT INFO  common.FileScanner 175 sortStudents - Sort students
2018.04.23 at 11:41:13 CDT INFO  views.Main 180 actionPerformed - Entering record search
2018.04.23 at 11:41:13 CDT INFO  common.FileScanner 61 scanCourse - Scan Course file
2018.04.23 at 11:41:13 CDT INFO  common.FileScanner 85 scanStudents - Scan Students file
2018.04.23 at 11:41:13 CDT INFO  common.FileScanner 124 find - find class name from course
2018.04.23 at 11:41:13 CDT INFO  common.FileScanner 124 find - find class name from course
2018.04.23 at 11:41:13 CDT INFO  common.FileScanner 124 find - find class name from course
2018.04.23 at 11:41:13 CDT INFO  common.FileScanner 124 find - find class name from course
2018.04.23 at 11:41:13 CDT INFO  common.FileScanner 124 find - find class name from course
2018.04.23 at 11:41:13 CDT INFO  common.FileScanner 124 find - find class name from course
2018.04.23 at 11:41:13 CDT INFO  common.FileScanner 124 find - find class name from course
2018.04.23 at 11:41:13 CDT INFO  common.FileScanner 124 find - find class name from course
2018.04.23 at 11:41:13 CDT INFO  common.FileScanner 124 find - find class name from course
2018.04.23 at 11:41:13 CDT INFO  common.FileScanner 124 find - find class name from course
2018.04.23 at 11:41:13 CDT INFO  common.FileScanner 124 find - find class name from course
2018.04.23 at 11:41:13 CDT INFO  common.FileScanner 124 find - find class name from course
2018.04.23 at 11:41:13 CDT INFO  common.FileScanner 124 find - find class name from course
2018.04.23 at 11:41:13 CDT INFO  common.FileScanner 124 find - find class name from course
2018.04.23 at 11:41:13 CDT INFO  common.FileScanner 124 find - find class name from course
2018.04.23 at 11:41:13 CDT INFO  common.FileScanner 124 find - find class name from course
2018.04.23 at 11:41:13 CDT INFO  common.FileScanner 124 find - find class name from course
2018.04.23 at 11:41:13 CDT INFO  common.FileScanner 124 find - find class name from course
2018.04.23 at 11:41:13 CDT INFO  common.FileScanner 124 find - find class name from course
2018.04.23 at 11:41:13 CDT INFO  common.FileScanner 124 find - find class name from course
2018.04.23 at 11:41:13 CDT INFO  common.FileScanner 124 find - find class name from course
2018.04.23 at 11:41:13 CDT INFO  common.FileScanner 124 find - find class name from course
2018.04.23 at 11:41:13 CDT INFO  common.FileScanner 124 find - find class name from course
2018.04.23 at 11:41:13 CDT INFO  common.FileScanner 124 find - find class name from course
2018.04.23 at 11:41:13 CDT INFO  common.FileScanner 124 find - find class name from course
2018.04.23 at 11:41:13 CDT INFO  common.FileScanner 124 find - find class name from course
2018.04.23 at 11:41:13 CDT INFO  common.FileScanner 124 find - find class name from course
2018.04.23 at 11:41:13 CDT INFO  common.FileScanner 124 find - find class name from course
2018.04.23 at 11:41:13 CDT INFO  common.FileScanner 124 find - find class name from course
2018.04.23 at 11:41:13 CDT INFO  common.FileScanner 124 find - find class name from course
2018.04.23 at 11:41:13 CDT INFO  common.FileScanner 124 find - find class name from course
2018.04.23 at 11:41:13 CDT INFO  common.FileScanner 124 find - find class name from course
2018.04.23 at 11:41:13 CDT INFO  common.FileScanner 124 find - find class name from course
2018.04.23 at 11:41:13 CDT INFO  common.FileScanner 124 find - find class name from course
2018.04.23 at 11:41:13 CDT INFO  common.FileScanner 124 find - find class name from course
2018.04.23 at 11:41:13 CDT INFO  common.FileScanner 124 find - find class name from course
2018.04.23 at 11:41:13 CDT INFO  common.FileScanner 124 find - find class name from course
2018.04.23 at 11:41:13 CDT INFO  common.FileScanner 124 find - find class name from course
2018.04.23 at 11:41:13 CDT INFO  common.FileScanner 124 find - find class name from course
2018.04.23 at 11:41:13 CDT INFO  common.FileScanner 124 find - find class name from course
2018.04.23 at 11:41:13 CDT INFO  common.FileScanner 124 find - find class name from course
2018.04.23 at 11:41:13 CDT INFO  common.FileScanner 124 find - find class name from course
2018.04.23 at 11:41:13 CDT INFO  common.FileScanner 124 find - find class name from course
2018.04.23 at 11:41:13 CDT INFO  common.FileScanner 124 find - find class name from course
2018.04.23 at 11:41:13 CDT INFO  common.FileScanner 124 find - find class name from course
2018.04.23 at 11:41:13 CDT INFO  common.FileScanner 124 find - find class name from course
2018.04.23 at 11:41:13 CDT INFO  common.FileScanner 124 find - find class name from course
2018.04.23 at 11:41:13 CDT INFO  common.FileScanner 124 find - find class name from course
2018.04.23 at 11:41:13 CDT INFO  common.FileScanner 124 find - find class name from course
2018.04.23 at 11:41:13 CDT INFO  common.FileScanner 124 find - find class name from course
2018.04.23 at 11:41:13 CDT INFO  common.FileScanner 124 find - find class name from course
2018.04.23 at 11:41:13 CDT INFO  common.FileScanner 124 find - find class name from course
2018.04.23 at 11:41:13 CDT INFO  common.FileScanner 124 find - find class name from course
2018.04.23 at 11:41:13 CDT INFO  common.FileScanner 124 find - find class name from course
2018.04.23 at 11:41:13 CDT INFO  common.FileScanner 124 find - find class name from course
2018.04.23 at 11:41:13 CDT INFO  common.FileScanner 124 find - find class name from course
2018.04.23 at 11:41:13 CDT INFO  common.FileScanner 124 find - find class name from course
2018.04.23 at 11:41:13 CDT INFO  common.FileScanner 124 find - find class name from course
2018.04.23 at 11:41:13 CDT INFO  common.FileScanner 124 find - find class name from course
2018.04.23 at 11:41:13 CDT INFO  common.FileScanner 124 find - find class name from course
2018.04.23 at 11:41:13 CDT INFO  common.FileScanner 124 find - find class name from course
2018.04.23 at 11:41:13 CDT INFO  common.FileScanner 124 find - find class name from course
2018.04.23 at 11:41:13 CDT INFO  common.FileScanner 124 find - find class name from course
2018.04.23 at 11:41:13 CDT INFO  common.FileScanner 124 find - find class name from course
2018.04.23 at 11:41:13 CDT INFO  common.FileScanner 124 find - find class name from course
2018.04.23 at 11:41:13 CDT INFO  common.FileScanner 124 find - find class name from course
2018.04.23 at 11:41:13 CDT INFO  common.FileScanner 124 find - find class name from course
2018.04.23 at 11:41:13 CDT INFO  common.FileScanner 124 find - find class name from course
2018.04.23 at 11:41:13 CDT INFO  common.FileScanner 257 SortedStudentsArrayList - Sort by first name
2018.04.23 at 11:41:13 CDT INFO  common.FileScanner 175 sortStudents - Sort students
2018.04.23 at 11:42:29 CDT INFO  views.Main 196 actionPerformed - Entering statistics
2018.04.23 at 11:42:29 CDT INFO  common.FileScanner 61 scanCourse - Scan Course file
2018.04.23 at 11:42:29 CDT INFO  common.FileScanner 85 scanStudents - Scan Students file
2018.04.23 at 11:42:29 CDT INFO  common.FileScanner 124 find - find class name from course
2018.04.23 at 11:42:29 CDT INFO  common.FileScanner 124 find - find class name from course
2018.04.23 at 11:42:29 CDT INFO  common.FileScanner 124 find - find class name from course
2018.04.23 at 11:42:29 CDT INFO  common.FileScanner 124 find - find class name from course
2018.04.23 at 11:42:29 CDT INFO  common.FileScanner 124 find - find class name from course
2018.04.23 at 11:42:29 CDT INFO  common.FileScanner 124 find - find class name from course
2018.04.23 at 11:42:29 CDT INFO  common.FileScanner 124 find - find class name from course
2018.04.23 at 11:42:29 CDT INFO  common.FileScanner 124 find - find class name from course
2018.04.23 at 11:42:29 CDT INFO  common.FileScanner 124 find - find class name from course
2018.04.23 at 11:42:29 CDT INFO  common.FileScanner 124 find - find class name from course
2018.04.23 at 11:42:29 CDT INFO  common.FileScanner 124 find - find class name from course
2018.04.23 at 11:42:29 CDT INFO  common.FileScanner 124 find - find class name from course
2018.04.23 at 11:42:29 CDT INFO  common.FileScanner 124 find - find class name from course
2018.04.23 at 11:42:29 CDT INFO  common.FileScanner 124 find - find class name from course
2018.04.23 at 11:42:29 CDT INFO  common.FileScanner 124 find - find class name from course
2018.04.23 at 11:42:29 CDT INFO  common.FileScanner 124 find - find class name from course
2018.04.23 at 11:42:29 CDT INFO  common.FileScanner 124 find - find class name from course
2018.04.23 at 11:42:29 CDT INFO  common.FileScanner 124 find - find class name from course
2018.04.23 at 11:42:29 CDT INFO  common.FileScanner 124 find - find class name from course
2018.04.23 at 11:42:29 CDT INFO  common.FileScanner 124 find - find class name from course
2018.04.23 at 11:42:29 CDT INFO  common.FileScanner 124 find - find class name from course
2018.04.23 at 11:42:29 CDT INFO  common.FileScanner 124 find - find class name from course
2018.04.23 at 11:42:29 CDT INFO  common.FileScanner 124 find - find class name from course
2018.04.23 at 11:42:29 CDT INFO  common.FileScanner 124 find - find class name from course
2018.04.23 at 11:42:29 CDT INFO  common.FileScanner 124 find - find class name from course
2018.04.23 at 11:42:29 CDT INFO  common.FileScanner 124 find - find class name from course
2018.04.23 at 11:42:29 CDT INFO  common.FileScanner 124 find - find class name from course
2018.04.23 at 11:42:29 CDT INFO  common.FileScanner 124 find - find class name from course
2018.04.23 at 11:42:29 CDT INFO  common.FileScanner 124 find - find class name from course
2018.04.23 at 11:42:29 CDT INFO  common.FileScanner 124 find - find class name from course
2018.04.23 at 11:42:29 CDT INFO  common.FileScanner 124 find - find class name from course
2018.04.23 at 11:42:29 CDT INFO  common.FileScanner 124 find - find class name from course
2018.04.23 at 11:42:29 CDT INFO  common.FileScanner 124 find - find class name from course
2018.04.23 at 11:42:29 CDT INFO  common.FileScanner 124 find - find class name from course
2018.04.23 at 11:42:29 CDT INFO  common.FileScanner 124 find - find class name from course
2018.04.23 at 11:42:29 CDT INFO  common.FileScanner 124 find - find class name from course
2018.04.23 at 11:42:29 CDT INFO  common.FileScanner 124 find - find class name from course
2018.04.23 at 11:42:29 CDT INFO  common.FileScanner 124 find - find class name from course
2018.04.23 at 11:42:29 CDT INFO  common.FileScanner 124 find - find class name from course
2018.04.23 at 11:42:29 CDT INFO  common.FileScanner 124 find - find class name from course
2018.04.23 at 11:42:29 CDT INFO  common.FileScanner 124 find - find class name from course
2018.04.23 at 11:42:29 CDT INFO  common.FileScanner 124 find - find class name from course
2018.04.23 at 11:42:29 CDT INFO  common.FileScanner 124 find - find class name from course
2018.04.23 at 11:42:29 CDT INFO  common.FileScanner 124 find - find class name from course
2018.04.23 at 11:42:29 CDT INFO  common.FileScanner 124 find - find class name from course
2018.04.23 at 11:42:29 CDT INFO  common.FileScanner 124 find - find class name from course
2018.04.23 at 11:42:29 CDT INFO  common.FileScanner 124 find - find class name from course
2018.04.23 at 11:42:29 CDT INFO  common.FileScanner 124 find - find class name from course
2018.04.23 at 11:42:29 CDT INFO  common.FileScanner 124 find - find class name from course
2018.04.23 at 11:42:29 CDT INFO  common.FileScanner 124 find - find class name from course
2018.04.23 at 11:42:29 CDT INFO  common.FileScanner 124 find - find class name from course
2018.04.23 at 11:42:29 CDT INFO  common.FileScanner 124 find - find class name from course
2018.04.23 at 11:42:29 CDT INFO  common.FileScanner 124 find - find class name from course
2018.04.23 at 11:42:29 CDT INFO  common.FileScanner 124 find - find class name from course
2018.04.23 at 11:42:29 CDT INFO  common.FileScanner 124 find - find class name from course
2018.04.23 at 11:42:29 CDT INFO  common.FileScanner 124 find - find class name from course
2018.04.23 at 11:42:29 CDT INFO  common.FileScanner 124 find - find class name from course
2018.04.23 at 11:42:29 CDT INFO  common.FileScanner 124 find - find class name from course
2018.04.23 at 11:42:29 CDT INFO  common.FileScanner 124 find - find class name from course
2018.04.23 at 11:42:29 CDT INFO  common.FileScanner 124 find - find class name from course
2018.04.23 at 11:42:29 CDT INFO  common.FileScanner 124 find - find class name from course
2018.04.23 at 11:42:29 CDT INFO  common.FileScanner 124 find - find class name from course
2018.04.23 at 11:42:29 CDT INFO  common.FileScanner 124 find - find class name from course
2018.04.23 at 11:42:29 CDT INFO  common.FileScanner 124 find - find class name from course
2018.04.23 at 11:42:29 CDT INFO  common.FileScanner 124 find - find class name from course
2018.04.23 at 11:42:29 CDT INFO  common.FileScanner 124 find - find class name from course
2018.04.23 at 11:42:29 CDT INFO  common.FileScanner 124 find - find class name from course
2018.04.23 at 11:42:29 CDT INFO  common.FileScanner 124 find - find class name from course
2018.04.23 at 11:42:29 CDT INFO  common.FileScanner 480 gradesPerClass - Grades for each class
2018.04.23 at 11:42:29 CDT INFO  common.FileScanner 270 rankByClassSiteLastName - Sort by class site and last name
2018.04.23 at 11:42:43 CDT INFO  common.FileScanner 61 scanCourse - Scan Course file
2018.04.23 at 11:42:43 CDT INFO  common.FileScanner 85 scanStudents - Scan Students file
2018.04.23 at 11:42:43 CDT INFO  common.FileScanner 124 find - find class name from course
2018.04.23 at 11:42:43 CDT INFO  common.FileScanner 124 find - find class name from course
2018.04.23 at 11:42:43 CDT INFO  common.FileScanner 124 find - find class name from course
2018.04.23 at 11:42:43 CDT INFO  common.FileScanner 124 find - find class name from course
2018.04.23 at 11:42:43 CDT INFO  common.FileScanner 124 find - find class name from course
2018.04.23 at 11:42:43 CDT INFO  common.FileScanner 124 find - find class name from course
2018.04.23 at 11:42:43 CDT INFO  common.FileScanner 124 find - find class name from course
2018.04.23 at 11:42:43 CDT INFO  common.FileScanner 124 find - find class name from course
2018.04.23 at 11:42:43 CDT INFO  common.FileScanner 124 find - find class name from course
2018.04.23 at 11:42:43 CDT INFO  common.FileScanner 124 find - find class name from course
2018.04.23 at 11:42:43 CDT INFO  common.FileScanner 124 find - find class name from course
2018.04.23 at 11:42:43 CDT INFO  common.FileScanner 124 find - find class name from course
2018.04.23 at 11:42:43 CDT INFO  common.FileScanner 124 find - find class name from course
2018.04.23 at 11:42:43 CDT INFO  common.FileScanner 124 find - find class name from course
2018.04.23 at 11:42:43 CDT INFO  common.FileScanner 124 find - find class name from course
2018.04.23 at 11:42:43 CDT INFO  common.FileScanner 124 find - find class name from course
2018.04.23 at 11:42:43 CDT INFO  common.FileScanner 124 find - find class name from course
2018.04.23 at 11:42:43 CDT INFO  common.FileScanner 124 find - find class name from course
2018.04.23 at 11:42:43 CDT INFO  common.FileScanner 124 find - find class name from course
2018.04.23 at 11:42:43 CDT INFO  common.FileScanner 124 find - find class name from course
2018.04.23 at 11:42:43 CDT INFO  common.FileScanner 124 find - find class name from course
2018.04.23 at 11:42:43 CDT INFO  common.FileScanner 124 find - find class name from course
2018.04.23 at 11:42:43 CDT INFO  common.FileScanner 124 find - find class name from course
2018.04.23 at 11:42:43 CDT INFO  common.FileScanner 124 find - find class name from course
2018.04.23 at 11:42:43 CDT INFO  common.FileScanner 124 find - find class name from course
2018.04.23 at 11:42:43 CDT INFO  common.FileScanner 124 find - find class name from course
2018.04.23 at 11:42:43 CDT INFO  common.FileScanner 124 find - find class name from course
2018.04.23 at 11:42:43 CDT INFO  common.FileScanner 124 find - find class name from course
2018.04.23 at 11:42:43 CDT INFO  common.FileScanner 124 find - find class name from course
2018.04.23 at 11:42:43 CDT INFO  common.FileScanner 124 find - find class name from course
2018.04.23 at 11:42:43 CDT INFO  common.FileScanner 124 find - find class name from course
2018.04.23 at 11:42:43 CDT INFO  common.FileScanner 124 find - find class name from course
2018.04.23 at 11:42:43 CDT INFO  common.FileScanner 124 find - find class name from course
2018.04.23 at 11:42:43 CDT INFO  common.FileScanner 124 find - find class name from course
2018.04.23 at 11:42:43 CDT INFO  common.FileScanner 124 find - find class name from course
2018.04.23 at 11:42:43 CDT INFO  common.FileScanner 124 find - find class name from course
2018.04.23 at 11:42:43 CDT INFO  common.FileScanner 124 find - find class name from course
2018.04.23 at 11:42:43 CDT INFO  common.FileScanner 124 find - find class name from course
2018.04.23 at 11:42:43 CDT INFO  common.FileScanner 124 find - find class name from course
2018.04.23 at 11:42:43 CDT INFO  common.FileScanner 124 find - find class name from course
2018.04.23 at 11:42:43 CDT INFO  common.FileScanner 124 find - find class name from course
2018.04.23 at 11:42:43 CDT INFO  common.FileScanner 124 find - find class name from course
2018.04.23 at 11:42:43 CDT INFO  common.FileScanner 124 find - find class name from course
2018.04.23 at 11:42:43 CDT INFO  common.FileScanner 124 find - find class name from course
2018.04.23 at 11:42:43 CDT INFO  common.FileScanner 124 find - find class name from course
2018.04.23 at 11:42:43 CDT INFO  common.FileScanner 124 find - find class name from course
2018.04.23 at 11:42:43 CDT INFO  common.FileScanner 124 find - find class name from course
2018.04.23 at 11:42:43 CDT INFO  common.FileScanner 124 find - find class name from course
2018.04.23 at 11:42:43 CDT INFO  common.FileScanner 124 find - find class name from course
2018.04.23 at 11:42:43 CDT INFO  common.FileScanner 124 find - find class name from course
2018.04.23 at 11:42:43 CDT INFO  common.FileScanner 124 find - find class name from course
2018.04.23 at 11:42:43 CDT INFO  common.FileScanner 124 find - find class name from course
2018.04.23 at 11:42:43 CDT INFO  common.FileScanner 124 find - find class name from course
2018.04.23 at 11:42:43 CDT INFO  common.FileScanner 124 find - find class name from course
2018.04.23 at 11:42:43 CDT INFO  common.FileScanner 124 find - find class name from course
2018.04.23 at 11:42:43 CDT INFO  common.FileScanner 124 find - find class name from course
2018.04.23 at 11:42:43 CDT INFO  common.FileScanner 124 find - find class name from course
2018.04.23 at 11:42:43 CDT INFO  common.FileScanner 124 find - find class name from course
2018.04.23 at 11:42:43 CDT INFO  common.FileScanner 124 find - find class name from course
2018.04.23 at 11:42:43 CDT INFO  common.FileScanner 124 find - find class name from course
2018.04.23 at 11:42:43 CDT INFO  common.FileScanner 124 find - find class name from course
2018.04.23 at 11:42:43 CDT INFO  common.FileScanner 124 find - find class name from course
2018.04.23 at 11:42:43 CDT INFO  common.FileScanner 124 find - find class name from course
2018.04.23 at 11:42:43 CDT INFO  common.FileScanner 124 find - find class name from course
2018.04.23 at 11:42:43 CDT INFO  common.FileScanner 124 find - find class name from course
2018.04.23 at 11:42:43 CDT INFO  common.FileScanner 124 find - find class name from course
2018.04.23 at 11:42:43 CDT INFO  common.FileScanner 124 find - find class name from course
2018.04.23 at 11:42:43 CDT INFO  common.FileScanner 124 find - find class name from course
2018.04.23 at 11:42:43 CDT INFO  common.FileScanner 575 gradePercentage - Grade percentage
2018.04.23 at 11:42:43 CDT INFO  common.FileScanner 270 rankByClassSiteLastName - Sort by class site and last name
2018.04.23 at 11:43:04 CDT INFO  common.FileScanner 61 scanCourse - Scan Course file
2018.04.23 at 11:43:04 CDT INFO  common.FileScanner 85 scanStudents - Scan Students file
2018.04.23 at 11:43:04 CDT INFO  common.FileScanner 124 find - find class name from course
2018.04.23 at 11:43:04 CDT INFO  common.FileScanner 124 find - find class name from course
2018.04.23 at 11:43:04 CDT INFO  common.FileScanner 124 find - find class name from course
2018.04.23 at 11:43:04 CDT INFO  common.FileScanner 124 find - find class name from course
2018.04.23 at 11:43:04 CDT INFO  common.FileScanner 124 find - find class name from course
2018.04.23 at 11:43:04 CDT INFO  common.FileScanner 124 find - find class name from course
2018.04.23 at 11:43:04 CDT INFO  common.FileScanner 124 find - find class name from course
2018.04.23 at 11:43:04 CDT INFO  common.FileScanner 124 find - find class name from course
2018.04.23 at 11:43:04 CDT INFO  common.FileScanner 124 find - find class name from course
2018.04.23 at 11:43:04 CDT INFO  common.FileScanner 124 find - find class name from course
2018.04.23 at 11:43:04 CDT INFO  common.FileScanner 124 find - find class name from course
2018.04.23 at 11:43:04 CDT INFO  common.FileScanner 124 find - find class name from course
2018.04.23 at 11:43:04 CDT INFO  common.FileScanner 124 find - find class name from course
2018.04.23 at 11:43:04 CDT INFO  common.FileScanner 124 find - find class name from course
2018.04.23 at 11:43:04 CDT INFO  common.FileScanner 124 find - find class name from course
2018.04.23 at 11:43:04 CDT INFO  common.FileScanner 124 find - find class name from course
2018.04.23 at 11:43:04 CDT INFO  common.FileScanner 124 find - find class name from course
2018.04.23 at 11:43:04 CDT INFO  common.FileScanner 124 find - find class name from course
2018.04.23 at 11:43:04 CDT INFO  common.FileScanner 124 find - find class name from course
2018.04.23 at 11:43:04 CDT INFO  common.FileScanner 124 find - find class name from course
2018.04.23 at 11:43:04 CDT INFO  common.FileScanner 124 find - find class name from course
2018.04.23 at 11:43:04 CDT INFO  common.FileScanner 124 find - find class name from course
2018.04.23 at 11:43:04 CDT INFO  common.FileScanner 124 find - find class name from course
2018.04.23 at 11:43:04 CDT INFO  common.FileScanner 124 find - find class name from course
2018.04.23 at 11:43:04 CDT INFO  common.FileScanner 124 find - find class name from course
2018.04.23 at 11:43:04 CDT INFO  common.FileScanner 124 find - find class name from course
2018.04.23 at 11:43:04 CDT INFO  common.FileScanner 124 find - find class name from course
2018.04.23 at 11:43:04 CDT INFO  common.FileScanner 124 find - find class name from course
2018.04.23 at 11:43:04 CDT INFO  common.FileScanner 124 find - find class name from course
2018.04.23 at 11:43:04 CDT INFO  common.FileScanner 124 find - find class name from course
2018.04.23 at 11:43:04 CDT INFO  common.FileScanner 124 find - find class name from course
2018.04.23 at 11:43:04 CDT INFO  common.FileScanner 124 find - find class name from course
2018.04.23 at 11:43:04 CDT INFO  common.FileScanner 124 find - find class name from course
2018.04.23 at 11:43:04 CDT INFO  common.FileScanner 124 find - find class name from course
2018.04.23 at 11:43:04 CDT INFO  common.FileScanner 124 find - find class name from course
2018.04.23 at 11:43:04 CDT INFO  common.FileScanner 124 find - find class name from course
2018.04.23 at 11:43:04 CDT INFO  common.FileScanner 124 find - find class name from course
2018.04.23 at 11:43:04 CDT INFO  common.FileScanner 124 find - find class name from course
2018.04.23 at 11:43:04 CDT INFO  common.FileScanner 124 find - find class name from course
2018.04.23 at 11:43:04 CDT INFO  common.FileScanner 124 find - find class name from course
2018.04.23 at 11:43:04 CDT INFO  common.FileScanner 124 find - find class name from course
2018.04.23 at 11:43:04 CDT INFO  common.FileScanner 124 find - find class name from course
2018.04.23 at 11:43:04 CDT INFO  common.FileScanner 124 find - find class name from course
2018.04.23 at 11:43:04 CDT INFO  common.FileScanner 124 find - find class name from course
2018.04.23 at 11:43:04 CDT INFO  common.FileScanner 124 find - find class name from course
2018.04.23 at 11:43:04 CDT INFO  common.FileScanner 124 find - find class name from course
2018.04.23 at 11:43:04 CDT INFO  common.FileScanner 124 find - find class name from course
2018.04.23 at 11:43:04 CDT INFO  common.FileScanner 124 find - find class name from course
2018.04.23 at 11:43:04 CDT INFO  common.FileScanner 124 find - find class name from course
2018.04.23 at 11:43:04 CDT INFO  common.FileScanner 124 find - find class name from course
2018.04.23 at 11:43:04 CDT INFO  common.FileScanner 124 find - find class name from course
2018.04.23 at 11:43:04 CDT INFO  common.FileScanner 124 find - find class name from course
2018.04.23 at 11:43:04 CDT INFO  common.FileScanner 124 find - find class name from course
2018.04.23 at 11:43:04 CDT INFO  common.FileScanner 124 find - find class name from course
2018.04.23 at 11:43:04 CDT INFO  common.FileScanner 124 find - find class name from course
2018.04.23 at 11:43:04 CDT INFO  common.FileScanner 124 find - find class name from course
2018.04.23 at 11:43:04 CDT INFO  common.FileScanner 124 find - find class name from course
2018.04.23 at 11:43:04 CDT INFO  common.FileScanner 124 find - find class name from course
2018.04.23 at 11:43:04 CDT INFO  common.FileScanner 124 find - find class name from course
2018.04.23 at 11:43:04 CDT INFO  common.FileScanner 124 find - find class name from course
2018.04.23 at 11:43:04 CDT INFO  common.FileScanner 124 find - find class name from course
2018.04.23 at 11:43:04 CDT INFO  common.FileScanner 124 find - find class name from course
2018.04.23 at 11:43:04 CDT INFO  common.FileScanner 124 find - find class name from course
2018.04.23 at 11:43:04 CDT INFO  common.FileScanner 124 find - find class name from course
2018.04.23 at 11:43:04 CDT INFO  common.FileScanner 124 find - find class name from course
2018.04.23 at 11:43:04 CDT INFO  common.FileScanner 124 find - find class name from course
2018.04.23 at 11:43:04 CDT INFO  common.FileScanner 124 find - find class name from course
2018.04.23 at 11:43:04 CDT INFO  common.FileScanner 124 find - find class name from course
2018.04.23 at 11:43:04 CDT INFO  common.FileScanner 518 classDetailedGrades - Detailed grades
2018.04.23 at 11:43:04 CDT INFO  common.FileScanner 270 rankByClassSiteLastName - Sort by class site and last name
2018.04.23 at 11:43:26 CDT INFO  views.Main 180 actionPerformed - Entering record search
2018.04.23 at 11:43:26 CDT INFO  common.FileScanner 61 scanCourse - Scan Course file
2018.04.23 at 11:43:26 CDT INFO  common.FileScanner 85 scanStudents - Scan Students file
2018.04.23 at 11:43:26 CDT INFO  common.FileScanner 124 find - find class name from course
2018.04.23 at 11:43:26 CDT INFO  common.FileScanner 124 find - find class name from course
2018.04.23 at 11:43:26 CDT INFO  common.FileScanner 124 find - find class name from course
2018.04.23 at 11:43:26 CDT INFO  common.FileScanner 124 find - find class name from course
2018.04.23 at 11:43:26 CDT INFO  common.FileScanner 124 find - find class name from course
2018.04.23 at 11:43:26 CDT INFO  common.FileScanner 124 find - find class name from course
2018.04.23 at 11:43:26 CDT INFO  common.FileScanner 124 find - find class name from course
2018.04.23 at 11:43:26 CDT INFO  common.FileScanner 124 find - find class name from course
2018.04.23 at 11:43:26 CDT INFO  common.FileScanner 124 find - find class name from course
2018.04.23 at 11:43:26 CDT INFO  common.FileScanner 124 find - find class name from course
2018.04.23 at 11:43:26 CDT INFO  common.FileScanner 124 find - find class name from course
2018.04.23 at 11:43:26 CDT INFO  common.FileScanner 124 find - find class name from course
2018.04.23 at 11:43:26 CDT INFO  common.FileScanner 124 find - find class name from course
2018.04.23 at 11:43:26 CDT INFO  common.FileScanner 124 find - find class name from course
2018.04.23 at 11:43:26 CDT INFO  common.FileScanner 124 find - find class name from course
2018.04.23 at 11:43:26 CDT INFO  common.FileScanner 124 find - find class name from course
2018.04.23 at 11:43:26 CDT INFO  common.FileScanner 124 find - find class name from course
2018.04.23 at 11:43:26 CDT INFO  common.FileScanner 124 find - find class name from course
2018.04.23 at 11:43:26 CDT INFO  common.FileScanner 124 find - find class name from course
2018.04.23 at 11:43:26 CDT INFO  common.FileScanner 124 find - find class name from course
2018.04.23 at 11:43:26 CDT INFO  common.FileScanner 124 find - find class name from course
2018.04.23 at 11:43:26 CDT INFO  common.FileScanner 124 find - find class name from course
2018.04.23 at 11:43:26 CDT INFO  common.FileScanner 124 find - find class name from course
2018.04.23 at 11:43:26 CDT INFO  common.FileScanner 124 find - find class name from course
2018.04.23 at 11:43:26 CDT INFO  common.FileScanner 124 find - find class name from course
2018.04.23 at 11:43:26 CDT INFO  common.FileScanner 124 find - find class name from course
2018.04.23 at 11:43:26 CDT INFO  common.FileScanner 124 find - find class name from course
2018.04.23 at 11:43:26 CDT INFO  common.FileScanner 124 find - find class name from course
2018.04.23 at 11:43:26 CDT INFO  common.FileScanner 124 find - find class name from course
2018.04.23 at 11:43:26 CDT INFO  common.FileScanner 124 find - find class name from course
2018.04.23 at 11:43:26 CDT INFO  common.FileScanner 124 find - find class name from course
2018.04.23 at 11:43:26 CDT INFO  common.FileScanner 124 find - find class name from course
2018.04.23 at 11:43:26 CDT INFO  common.FileScanner 124 find - find class name from course
2018.04.23 at 11:43:26 CDT INFO  common.FileScanner 124 find - find class name from course
2018.04.23 at 11:43:26 CDT INFO  common.FileScanner 124 find - find class name from course
2018.04.23 at 11:43:26 CDT INFO  common.FileScanner 124 find - find class name from course
2018.04.23 at 11:43:26 CDT INFO  common.FileScanner 124 find - find class name from course
2018.04.23 at 11:43:26 CDT INFO  common.FileScanner 124 find - find class name from course
2018.04.23 at 11:43:26 CDT INFO  common.FileScanner 124 find - find class name from course
2018.04.23 at 11:43:26 CDT INFO  common.FileScanner 124 find - find class name from course
2018.04.23 at 11:43:26 CDT INFO  common.FileScanner 124 find - find class name from course
2018.04.23 at 11:43:26 CDT INFO  common.FileScanner 124 find - find class name from course
2018.04.23 at 11:43:26 CDT INFO  common.FileScanner 124 find - find class name from course
2018.04.23 at 11:43:26 CDT INFO  common.FileScanner 124 find - find class name from course
2018.04.23 at 11:43:26 CDT INFO  common.FileScanner 124 find - find class name from course
2018.04.23 at 11:43:26 CDT INFO  common.FileScanner 124 find - find class name from course
2018.04.23 at 11:43:26 CDT INFO  common.FileScanner 124 find - find class name from course
2018.04.23 at 11:43:26 CDT INFO  common.FileScanner 124 find - find class name from course
2018.04.23 at 11:43:26 CDT INFO  common.FileScanner 124 find - find class name from course
2018.04.23 at 11:43:26 CDT INFO  common.FileScanner 124 find - find class name from course
2018.04.23 at 11:43:26 CDT INFO  common.FileScanner 124 find - find class name from course
2018.04.23 at 11:43:26 CDT INFO  common.FileScanner 124 find - find class name from course
2018.04.23 at 11:43:26 CDT INFO  common.FileScanner 124 find - find class name from course
2018.04.23 at 11:43:26 CDT INFO  common.FileScanner 124 find - find class name from course
2018.04.23 at 11:43:26 CDT INFO  common.FileScanner 124 find - find class name from course
2018.04.23 at 11:43:26 CDT INFO  common.FileScanner 124 find - find class name from course
2018.04.23 at 11:43:26 CDT INFO  common.FileScanner 124 find - find class name from course
2018.04.23 at 11:43:26 CDT INFO  common.FileScanner 124 find - find class name from course
2018.04.23 at 11:43:26 CDT INFO  common.FileScanner 124 find - find class name from course
2018.04.23 at 11:43:26 CDT INFO  common.FileScanner 124 find - find class name from course
2018.04.23 at 11:43:26 CDT INFO  common.FileScanner 124 find - find class name from course
2018.04.23 at 11:43:26 CDT INFO  common.FileScanner 124 find - find class name from course
2018.04.23 at 11:43:26 CDT INFO  common.FileScanner 124 find - find class name from course
2018.04.23 at 11:43:26 CDT INFO  common.FileScanner 124 find - find class name from course
2018.04.23 at 11:43:26 CDT INFO  common.FileScanner 124 find - find class name from course
2018.04.23 at 11:43:26 CDT INFO  common.FileScanner 124 find - find class name from course
2018.04.23 at 11:43:26 CDT INFO  common.FileScanner 124 find - find class name from course
2018.04.23 at 11:43:26 CDT INFO  common.FileScanner 124 find - find class name from course
2018.04.23 at 11:43:26 CDT INFO  common.FileScanner 257 SortedStudentsArrayList - Sort by first name
2018.04.23 at 11:43:26 CDT INFO  common.FileScanner 175 sortStudents - Sort students
2018.04.23 at 11:43:31 CDT INFO  views.Main 201 actionPerformed - Program Exits
